<?xml version="1.0" encoding="UTF-8"?>
<!-- Generated by org.testng.reporters.JUnitXMLReporter -->
<testsuite hostname="MacBook-Pro.local" ignored="0" name="Filtering By tags " tests="5" failures="0" timestamp="12 Jun 2021 07:11:30 GMT" time="36.461" errors="0">
  <testcase name="verifyPopularTagCountBeforeAndAfterSelectingtheAuthor" time="6.402" classname="com.web.conduit.testcases.ConduitTestCases"/>
  <testcase name="verifySelectedTagInDetailedAuthorViewAndVerifyItsOccurence" time="4.078" classname="com.web.conduit.testcases.ConduitTestCases"/>
  <testcase name="verifySelectingATagWhichIsAlreadyActive" time="1.614" classname="com.web.conduit.testcases.ConduitTestCases"/>
  <testcase name="verifySelectionOfPopularTags" time="2.022" classname="com.web.conduit.testcases.ConduitTestCases"/>
  <testcase name="verifyUpdateActiveTagFunctionality" time="1.668" classname="com.web.conduit.testcases.ConduitTestCases"/>
</testsuite> <!-- Filtering By tags  -->
