<?xml version="1.0" encoding="UTF-8"?>
<!-- Generated by org.testng.reporters.JUnitXMLReporter -->
<testsuite hostname="MacBook-Pro.local" ignored="0" name="Filtering By tags " tests="5" failures="0" timestamp="12 Jun 2021 05:44:14 GMT" time="33.423" errors="0">
  <testcase name="verifyPopularTagCountBeforeAndAfterSelectingtheAuthor" time="6.787" classname="com.web.conduit.testcases.ConduitTestCases"/>
  <testcase name="verifySelectedTagInDetailedAuthorViewAndVerifyItsOccurence" time="4.332" classname="com.web.conduit.testcases.ConduitTestCases"/>
  <testcase name="verifySelectingATagWhichIsAlreadyActive" time="1.984" classname="com.web.conduit.testcases.ConduitTestCases"/>
  <testcase name="verifySelectionOfPopularTags" time="2.5" classname="com.web.conduit.testcases.ConduitTestCases"/>
  <testcase name="verifyUpdateActiveTagFunctionality" time="1.861" classname="com.web.conduit.testcases.ConduitTestCases"/>
</testsuite> <!-- Filtering By tags  -->
