<?xml version="1.0" encoding="UTF-8"?>
<!-- Generated by org.testng.reporters.JUnitXMLReporter -->
<testsuite hostname="MacBook-Pro.local" ignored="0" name="Login" tests="5" failures="0" timestamp="11 Jun 2021 23:35:46 GMT" time="38.424" errors="0">
  <testcase name="verifyPopularTagCountBeforeAndAfterSelectingtheAuthor" time="11.598" classname="com.web.conduit.testcases.ConduitTestCases"/>
  <testcase name="verifySelectedTagInDetailedAuthorViewAndVerifyItsOccurence" time="4.162" classname="com.web.conduit.testcases.ConduitTestCases"/>
  <testcase name="verifySelectingATagWhichIsAlreadyActive" time="1.811" classname="com.web.conduit.testcases.ConduitTestCases"/>
  <testcase name="verifySelectionOfPopularTags" time="2.91" classname="com.web.conduit.testcases.ConduitTestCases"/>
  <testcase name="verifyUpdateActiveTagFunctionality" time="2.1" classname="com.web.conduit.testcases.ConduitTestCases"/>
</testsuite> <!-- Login -->
