<?xml version="1.0" encoding="UTF-8"?>
<testng-results skipped="0" failed="0" ignored="0" total="5" passed="5">
  <reporter-output>
  </reporter-output>
  <suite name="DemoRealWorldSuite" duration-ms="38424" started-at="2021-06-11T23:35:08Z" finished-at="2021-06-11T23:35:46Z">
    <groups>
    </groups>
    <test name="Login" duration-ms="38424" started-at="2021-06-11T23:35:08Z" finished-at="2021-06-11T23:35:46Z">
      <class name="com.web.conduit.testcases.ConduitTestCases">
        <test-method status="PASS" signature="setUp(java.lang.String, java.lang.reflect.Method)[pri:0, instance:com.web.conduit.testcases.ConduitTestCases@6babf3bf]" name="setUp" is-config="true" duration-ms="3352" started-at="2021-06-11T23:35:08Z" finished-at="2021-06-11T23:35:11Z">
          <params>
            <param index="0">
              <value>
                <![CDATA[src/main/resources/prod/application.properties]]>
              </value>
            </param>
            <param index="1">
              <value>
                <![CDATA[public void com.web.conduit.testcases.ConduitTestCases.verifyPopularTagCountBeforeAndAfterSelectingtheAuthor()]]>
              </value>
            </param>
          </params>
          <reporter-output>
          </reporter-output>
        </test-method> <!-- setUp -->
        <test-method status="PASS" signature="verifyPopularTagCountBeforeAndAfterSelectingtheAuthor()[pri:0, instance:com.web.conduit.testcases.ConduitTestCases@6babf3bf]" name="verifyPopularTagCountBeforeAndAfterSelectingtheAuthor" duration-ms="11598" started-at="2021-06-11T23:35:11Z" finished-at="2021-06-11T23:35:23Z">
          <reporter-output>
          </reporter-output>
        </test-method> <!-- verifyPopularTagCountBeforeAndAfterSelectingtheAuthor -->
        <test-method status="PASS" signature="closeTheBrowser()[pri:0, instance:com.web.conduit.testcases.ConduitTestCases@6babf3bf]" name="closeTheBrowser" is-config="true" duration-ms="318" started-at="2021-06-11T23:35:23Z" finished-at="2021-06-11T23:35:23Z">
          <reporter-output>
          </reporter-output>
        </test-method> <!-- closeTheBrowser -->
        <test-method status="PASS" signature="setUp(java.lang.String, java.lang.reflect.Method)[pri:0, instance:com.web.conduit.testcases.ConduitTestCases@6babf3bf]" name="setUp" is-config="true" duration-ms="2863" started-at="2021-06-11T23:35:23Z" finished-at="2021-06-11T23:35:26Z">
          <params>
            <param index="0">
              <value>
                <![CDATA[src/main/resources/prod/application.properties]]>
              </value>
            </param>
            <param index="1">
              <value>
                <![CDATA[public void com.web.conduit.testcases.ConduitTestCases.verifySelectedTagInDetailedAuthorViewAndVerifyItsOccurence()]]>
              </value>
            </param>
          </params>
          <reporter-output>
          </reporter-output>
        </test-method> <!-- setUp -->
        <test-method status="PASS" signature="verifySelectedTagInDetailedAuthorViewAndVerifyItsOccurence()[pri:0, instance:com.web.conduit.testcases.ConduitTestCases@6babf3bf]" name="verifySelectedTagInDetailedAuthorViewAndVerifyItsOccurence" duration-ms="4162" started-at="2021-06-11T23:35:26Z" finished-at="2021-06-11T23:35:30Z">
          <reporter-output>
          </reporter-output>
        </test-method> <!-- verifySelectedTagInDetailedAuthorViewAndVerifyItsOccurence -->
        <test-method status="PASS" signature="closeTheBrowser()[pri:0, instance:com.web.conduit.testcases.ConduitTestCases@6babf3bf]" name="closeTheBrowser" is-config="true" duration-ms="180" started-at="2021-06-11T23:35:30Z" finished-at="2021-06-11T23:35:30Z">
          <reporter-output>
          </reporter-output>
        </test-method> <!-- closeTheBrowser -->
        <test-method status="PASS" signature="setUp(java.lang.String, java.lang.reflect.Method)[pri:0, instance:com.web.conduit.testcases.ConduitTestCases@6babf3bf]" name="setUp" is-config="true" duration-ms="2563" started-at="2021-06-11T23:35:30Z" finished-at="2021-06-11T23:35:33Z">
          <params>
            <param index="0">
              <value>
                <![CDATA[src/main/resources/prod/application.properties]]>
              </value>
            </param>
            <param index="1">
              <value>
                <![CDATA[public void com.web.conduit.testcases.ConduitTestCases.verifySelectingATagWhichIsAlreadyActive()]]>
              </value>
            </param>
          </params>
          <reporter-output>
          </reporter-output>
        </test-method> <!-- setUp -->
        <test-method status="PASS" signature="verifySelectingATagWhichIsAlreadyActive()[pri:0, instance:com.web.conduit.testcases.ConduitTestCases@6babf3bf]" name="verifySelectingATagWhichIsAlreadyActive" duration-ms="1811" started-at="2021-06-11T23:35:33Z" finished-at="2021-06-11T23:35:35Z">
          <reporter-output>
          </reporter-output>
        </test-method> <!-- verifySelectingATagWhichIsAlreadyActive -->
        <test-method status="PASS" signature="closeTheBrowser()[pri:0, instance:com.web.conduit.testcases.ConduitTestCases@6babf3bf]" name="closeTheBrowser" is-config="true" duration-ms="116" started-at="2021-06-11T23:35:35Z" finished-at="2021-06-11T23:35:35Z">
          <reporter-output>
          </reporter-output>
        </test-method> <!-- closeTheBrowser -->
        <test-method status="PASS" signature="setUp(java.lang.String, java.lang.reflect.Method)[pri:0, instance:com.web.conduit.testcases.ConduitTestCases@6babf3bf]" name="setUp" is-config="true" duration-ms="3230" started-at="2021-06-11T23:35:35Z" finished-at="2021-06-11T23:35:38Z">
          <params>
            <param index="0">
              <value>
                <![CDATA[src/main/resources/prod/application.properties]]>
              </value>
            </param>
            <param index="1">
              <value>
                <![CDATA[public void com.web.conduit.testcases.ConduitTestCases.verifySelectionOfPopularTags()]]>
              </value>
            </param>
          </params>
          <reporter-output>
          </reporter-output>
        </test-method> <!-- setUp -->
        <test-method status="PASS" signature="verifySelectionOfPopularTags()[pri:0, instance:com.web.conduit.testcases.ConduitTestCases@6babf3bf]" name="verifySelectionOfPopularTags" duration-ms="2910" started-at="2021-06-11T23:35:38Z" finished-at="2021-06-11T23:35:41Z">
          <reporter-output>
          </reporter-output>
        </test-method> <!-- verifySelectionOfPopularTags -->
        <test-method status="PASS" signature="closeTheBrowser()[pri:0, instance:com.web.conduit.testcases.ConduitTestCases@6babf3bf]" name="closeTheBrowser" is-config="true" duration-ms="183" started-at="2021-06-11T23:35:41Z" finished-at="2021-06-11T23:35:41Z">
          <reporter-output>
          </reporter-output>
        </test-method> <!-- closeTheBrowser -->
        <test-method status="PASS" signature="setUp(java.lang.String, java.lang.reflect.Method)[pri:0, instance:com.web.conduit.testcases.ConduitTestCases@6babf3bf]" name="setUp" is-config="true" duration-ms="2891" started-at="2021-06-11T23:35:41Z" finished-at="2021-06-11T23:35:44Z">
          <params>
            <param index="0">
              <value>
                <![CDATA[src/main/resources/prod/application.properties]]>
              </value>
            </param>
            <param index="1">
              <value>
                <![CDATA[public void com.web.conduit.testcases.ConduitTestCases.verifyUpdateActiveTagFunctionality()]]>
              </value>
            </param>
          </params>
          <reporter-output>
          </reporter-output>
        </test-method> <!-- setUp -->
        <test-method status="PASS" signature="verifyUpdateActiveTagFunctionality()[pri:0, instance:com.web.conduit.testcases.ConduitTestCases@6babf3bf]" name="verifyUpdateActiveTagFunctionality" duration-ms="2100" started-at="2021-06-11T23:35:44Z" finished-at="2021-06-11T23:35:46Z">
          <reporter-output>
          </reporter-output>
        </test-method> <!-- verifyUpdateActiveTagFunctionality -->
        <test-method status="PASS" signature="closeTheBrowser()[pri:0, instance:com.web.conduit.testcases.ConduitTestCases@6babf3bf]" name="closeTheBrowser" is-config="true" duration-ms="129" started-at="2021-06-11T23:35:46Z" finished-at="2021-06-11T23:35:46Z">
          <reporter-output>
          </reporter-output>
        </test-method> <!-- closeTheBrowser -->
      </class> <!-- com.web.conduit.testcases.ConduitTestCases -->
    </test> <!-- Login -->
  </suite> <!-- DemoRealWorldSuite -->
</testng-results>
